[   23673ms] [ERROR] Failed to load resource: the server responded with a status of 404 () @ https://hara-marina.vercel.app/favicon.ico:0
[   30459ms] [ERROR] TypeError: Cannot read properties of undefined (reading 'voltage')
    at children.children.children.l.children.children.k.children.children.X.telemetry (https://hara-marina.vercel.app/_next/static/chunks/pages/index-d879e6745406a0be.js?dpl=dpl_22xoAm67o9UZMJaiur5eJZpUqsHv:1:33879)
    at ad (https://hara-marina.vercel.app/_next/static/chunks/framework-ecc4130bc7a58a64.js?dpl=dpl_22xoAm67o9UZMJaiur5eJZpUqsHv:9:58401)
    at i (https://hara-marina.vercel.app/_next/static/chunks/framework-ecc4130bc7a58a64.js?dpl=dpl_22xoAm67o9UZMJaiur5eJZpUqsHv:9:119366)
    at oO (https://hara-marina.vercel.app/_next/static/chunks/framework-ecc4130bc7a58a64.js?dpl=dpl_22xoAm67o9UZMJaiur5eJZpUqsHv:9:99019)
    at https://hara-marina.vercel.app/_next/static/chunks/framework-ecc4130bc7a58a64.js?dpl=dpl_22xoAm67o9UZMJaiur5eJZpUqsHv:9:98886
    at oF (https://hara-marina.vercel.app/_next/static/chunks/framework-ecc4130bc7a58a64.js?dpl=dpl_22xoAm67o9UZMJaiur5eJZpUqsHv:9:98893)
    at ox (https://hara-marina.vercel.app/_next/static/chunks/framework-ecc4130bc7a58a64.js?dpl=dpl_22xoAm67o9UZMJaiur5eJZpUqsHv:9:95645)
    at oS (https://hara-marina.vercel.app/_next/static/chunks/framework-ecc4130bc7a58a64.js?dpl=dpl_22xoAm67o9UZMJaiur5eJZpUqsHv:9:94200)
    at x (https://hara-marina.vercel.app/_next/static/chunks/framework-ecc4130bc7a58a64.js?dpl=dpl_22xoAm67o9UZMJaiur5eJZpUqsHv:33:1364)
    at MessagePort.T (https://hara-marina.vercel.app/_next/static/chunks/framework-ecc4130bc7a58a64.js?dpl=dpl_22xoAm67o9UZMJaiur5eJZpUqsHv:33:1894) @ https://hara-marina.vercel.app/_next/static/chunks/framework-ecc4130bc7a58a64.js?dpl=dpl_22xoAm67o9UZMJaiur5eJZpUqsHv:8
[   30460ms] [ERROR] TypeError: Cannot read properties of undefined (reading 'voltage')
    at children.children.children.l.children.children.k.children.children.X.telemetry (https://hara-marina.vercel.app/_next/static/chunks/pages/index-d879e6745406a0be.js?dpl=dpl_22xoAm67o9UZMJaiur5eJZpUqsHv:1:33879)
    at ad (https://hara-marina.vercel.app/_next/static/chunks/framework-ecc4130bc7a58a64.js?dpl=dpl_22xoAm67o9UZMJaiur5eJZpUqsHv:9:58401)
    at i (https://hara-marina.vercel.app/_next/static/chunks/framework-ecc4130bc7a58a64.js?dpl=dpl_22xoAm67o9UZMJaiur5eJZpUqsHv:9:119366)
    at oO (https://hara-marina.vercel.app/_next/static/chunks/framework-ecc4130bc7a58a64.js?dpl=dpl_22xoAm67o9UZMJaiur5eJZpUqsHv:9:99019)
    at https://hara-marina.vercel.app/_next/static/chunks/framework-ecc4130bc7a58a64.js?dpl=dpl_22xoAm67o9UZMJaiur5eJZpUqsHv:9:98886
    at oF (https://hara-marina.vercel.app/_next/static/chunks/framework-ecc4130bc7a58a64.js?dpl=dpl_22xoAm67o9UZMJaiur5eJZpUqsHv:9:98893)
    at ox (https://hara-marina.vercel.app/_next/static/chunks/framework-ecc4130bc7a58a64.js?dpl=dpl_22xoAm67o9UZMJaiur5eJZpUqsHv:9:95645)
    at oS (https://hara-marina.vercel.app/_next/static/chunks/framework-ecc4130bc7a58a64.js?dpl=dpl_22xoAm67o9UZMJaiur5eJZpUqsHv:9:94200)
    at x (https://hara-marina.vercel.app/_next/static/chunks/framework-ecc4130bc7a58a64.js?dpl=dpl_22xoAm67o9UZMJaiur5eJZpUqsHv:33:1364)
    at MessagePort.T (https://hara-marina.vercel.app/_next/static/chunks/framework-ecc4130bc7a58a64.js?dpl=dpl_22xoAm67o9UZMJaiur5eJZpUqsHv:33:1894) @ https://hara-marina.vercel.app/_next/static/chunks/main-a50cee96fdc0d653.js?dpl=dpl_22xoAm67o9UZMJaiur5eJZpUqsHv:0
[   30461ms] [ERROR] A client-side exception has occurred, see here for more info: https://nextjs.org/docs/messages/client-side-exception-occurred @ https://hara-marina.vercel.app/_next/static/chunks/main-a50cee96fdc0d653.js?dpl=dpl_22xoAm67o9UZMJaiur5eJZpUqsHv:0
[ 5108997ms] [ERROR] Failed to load resource: net::ERR_TIMED_OUT @ https://hara-marina.vercel.app/api/telemetry/moi:0
[ 5108998ms] [ERROR] Failed to load resource: net::ERR_TIMED_OUT @ https://hara-marina.vercel.app/api/data?key=hara-boats:0
[13064630ms] [ERROR] Failed to load resource: net::ERR_TIMED_OUT @ https://hara-marina.vercel.app/api/telemetry/moi:0
[13064631ms] [ERROR] Failed to load resource: net::ERR_TIMED_OUT @ https://hara-marina.vercel.app/api/data?key=hara-boats:0
[13064631ms] [ERROR] Failed to load resource: net::ERR_TIMED_OUT @ https://hara-marina.vercel.app/api/weather:0
[19278098ms] [ERROR] Failed to load resource: net::ERR_TIMED_OUT @ https://hara-marina.vercel.app/api/telemetry/moi:0
[32117895ms] [ERROR] Failed to load resource: net::ERR_NETWORK_CHANGED @ https://hara-marina.vercel.app/api/telemetry/moi:0
[32117896ms] [ERROR] Failed to load resource: net::ERR_NETWORK_CHANGED @ https://hara-marina.vercel.app/api/data?key=hara-boats:0
