[    1515ms] [ERROR] TypeError: Cannot read properties of undefined (reading 'water_cm')
    at u (https://hara-marina.vercel.app/_next/static/chunks/pages/%5Bslug%5D-d2936c45d1f1d993.js?dpl=dpl_6G4ZfJosLQ8iwiq55ftErocdaPFz:1:6191)
    at ad (https://hara-marina.vercel.app/_next/static/chunks/framework-ecc4130bc7a58a64.js?dpl=dpl_6G4ZfJosLQ8iwiq55ftErocdaPFz:9:58401)
    at ud (https://hara-marina.vercel.app/_next/static/chunks/framework-ecc4130bc7a58a64.js?dpl=dpl_6G4ZfJosLQ8iwiq55ftErocdaPFz:9:72731)
    at i (https://hara-marina.vercel.app/_next/static/chunks/framework-ecc4130bc7a58a64.js?dpl=dpl_6G4ZfJosLQ8iwiq55ftErocdaPFz:9:120263)
    at oO (https://hara-marina.vercel.app/_next/static/chunks/framework-ecc4130bc7a58a64.js?dpl=dpl_6G4ZfJosLQ8iwiq55ftErocdaPFz:9:99019)
    at https://hara-marina.vercel.app/_next/static/chunks/framework-ecc4130bc7a58a64.js?dpl=dpl_6G4ZfJosLQ8iwiq55ftErocdaPFz:9:98886
    at oF (https://hara-marina.vercel.app/_next/static/chunks/framework-ecc4130bc7a58a64.js?dpl=dpl_6G4ZfJosLQ8iwiq55ftErocdaPFz:9:98893)
    at ox (https://hara-marina.vercel.app/_next/static/chunks/framework-ecc4130bc7a58a64.js?dpl=dpl_6G4ZfJosLQ8iwiq55ftErocdaPFz:9:95645)
    at oS (https://hara-marina.vercel.app/_next/static/chunks/framework-ecc4130bc7a58a64.js?dpl=dpl_6G4ZfJosLQ8iwiq55ftErocdaPFz:9:94200)
    at x (https://hara-marina.vercel.app/_next/static/chunks/framework-ecc4130bc7a58a64.js?dpl=dpl_6G4ZfJosLQ8iwiq55ftErocdaPFz:33:1364) @ https://hara-marina.vercel.app/_next/static/chunks/framework-ecc4130bc7a58a64.js?dpl=dpl_6G4ZfJosLQ8iwiq55ftErocdaPFz:8
[    1515ms] [ERROR] TypeError: Cannot read properties of undefined (reading 'water_cm')
    at u (https://hara-marina.vercel.app/_next/static/chunks/pages/%5Bslug%5D-d2936c45d1f1d993.js?dpl=dpl_6G4ZfJosLQ8iwiq55ftErocdaPFz:1:6191)
    at ad (https://hara-marina.vercel.app/_next/static/chunks/framework-ecc4130bc7a58a64.js?dpl=dpl_6G4ZfJosLQ8iwiq55ftErocdaPFz:9:58401)
    at ud (https://hara-marina.vercel.app/_next/static/chunks/framework-ecc4130bc7a58a64.js?dpl=dpl_6G4ZfJosLQ8iwiq55ftErocdaPFz:9:72731)
    at i (https://hara-marina.vercel.app/_next/static/chunks/framework-ecc4130bc7a58a64.js?dpl=dpl_6G4ZfJosLQ8iwiq55ftErocdaPFz:9:120263)
    at oO (https://hara-marina.vercel.app/_next/static/chunks/framework-ecc4130bc7a58a64.js?dpl=dpl_6G4ZfJosLQ8iwiq55ftErocdaPFz:9:99019)
    at https://hara-marina.vercel.app/_next/static/chunks/framework-ecc4130bc7a58a64.js?dpl=dpl_6G4ZfJosLQ8iwiq55ftErocdaPFz:9:98886
    at oF (https://hara-marina.vercel.app/_next/static/chunks/framework-ecc4130bc7a58a64.js?dpl=dpl_6G4ZfJosLQ8iwiq55ftErocdaPFz:9:98893)
    at ox (https://hara-marina.vercel.app/_next/static/chunks/framework-ecc4130bc7a58a64.js?dpl=dpl_6G4ZfJosLQ8iwiq55ftErocdaPFz:9:95645)
    at oS (https://hara-marina.vercel.app/_next/static/chunks/framework-ecc4130bc7a58a64.js?dpl=dpl_6G4ZfJosLQ8iwiq55ftErocdaPFz:9:94200)
    at x (https://hara-marina.vercel.app/_next/static/chunks/framework-ecc4130bc7a58a64.js?dpl=dpl_6G4ZfJosLQ8iwiq55ftErocdaPFz:33:1364) @ https://hara-marina.vercel.app/_next/static/chunks/main-53e35571099d7e79.js?dpl=dpl_6G4ZfJosLQ8iwiq55ftErocdaPFz:0
[    1515ms] [ERROR] A client-side exception has occurred, see here for more info: https://nextjs.org/docs/messages/client-side-exception-occurred @ https://hara-marina.vercel.app/_next/static/chunks/main-53e35571099d7e79.js?dpl=dpl_6G4ZfJosLQ8iwiq55ftErocdaPFz:0
