[   77232ms] Identifier 'observer' has already been declared
[   77303ms] [LOG] Selectize initialization started @ https://www.kpler.com/product/maritime/vessels-api:2311
[   77311ms] TypeError: Cannot read properties of undefined (reading 'value')
    at timestamp (https://www.kpler.com/product/maritime/vessels-api:353:215)
[   77410ms] [LOG] Initializing state @ https://www.kpler.com/product/maritime/vessels-api:2426
[   77411ms] [LOG] JobFunction value:  Showing other-wrap: false @ https://www.kpler.com/product/maritime/vessels-api:2406
[   77737ms] [ERROR] [UC Bridge] pushConsentFromUC error: TypeError: a.forEach is not a function
    at e (<anonymous>:1:120)
    at d (<anonymous>:2:73) @ :0
[   77798ms] TypeError: Cannot read properties of undefined (reading 'value')
    at timestamp (https://www.kpler.com/product/maritime/vessels-api:353:215)
[   77939ms] [LOG] Slater loaded Kpler [LIVE].js: https://slater.app/13478.js :call_me_hand: @ https://www.kpler.com/product/maritime/vessels-api:259
[   78266ms] [WARNING] GSAP target .scroll-background not found. https://greensock.com @ https://cdnjs.cloudflare.com/ajax/libs/gsap/3.11.3/gsap.min.js:9
[   78299ms] TypeError: Cannot read properties of undefined (reading 'value')
    at timestamp (https://www.kpler.com/product/maritime/vessels-api:353:215)
[   78674ms] [LOG] HubSpot form ready @ https://www.kpler.com/product/maritime/vessels-api:1744
[   78684ms] [LOG] HubSpot form ready @ https://www.kpler.com/product/maritime/vessels-api:1744
[   78753ms] [ERROR] Framing 'https://www.google.com/' violates the following report-only Content Security Policy directive: "frame-ancestors 'self'". The violation has been logged, but no further action has been taken.
 @ :0
[   78799ms] TypeError: Cannot read properties of undefined (reading 'value')
    at timestamp (https://www.kpler.com/product/maritime/vessels-api:353:215)
[   79299ms] TypeError: Cannot read properties of undefined (reading 'value')
    at timestamp (https://www.kpler.com/product/maritime/vessels-api:353:215)
[   79798ms] TypeError: Cannot read properties of undefined (reading 'value')
    at timestamp (https://www.kpler.com/product/maritime/vessels-api:353:215)
[   80299ms] TypeError: Cannot read properties of undefined (reading 'value')
    at timestamp (https://www.kpler.com/product/maritime/vessels-api:353:215)
[   80316ms] [WARNING] GSAP target [object NodeList] not found. https://greensock.com @ https://cdnjs.cloudflare.com/ajax/libs/gsap/3.11.3/gsap.min.js:9
[   80334ms] [ERROR] Segment snippet included twice. @ :0
[   80336ms] [LOG] [HS Tracking] Script started @ :4
[   80336ms] [LOG] [HS Tracking] Setting up event listener @ :5
[   80336ms] [LOG] [HS Tracking] Checking for existing form... @ :4
[   80336ms] [LOG] [HS Tracking] Found existing form with ID: bd1f19e7-aa72-4a3b-90c5-693ff4739bd3 @ :4
[   80336ms] [LOG] [HS Tracking] Setup complete @ :6
[   80337ms] [LOG] [UC Bridge] Event-based push (ACCEPT_ALL): {event: consent_status_update, Google Analytics 4: true, Google Analytics: true, Facebook Pixel: true, Facebook Social Plugins: true} @ :1
[   80800ms] TypeError: Cannot read properties of undefined (reading 'value')
    at timestamp (https://www.kpler.com/product/maritime/vessels-api:353:215)
[   80837ms] [LOG] [HS Tracking] Starting field tracking for form: bd1f19e7-aa72-4a3b-90c5-693ff4739bd3 @ :2
[   80841ms] [LOG] [HS Tracking] Form element found: true @ :2
[   80841ms] [LOG] [HS Tracking] Found 13 fields @ :3
[   80841ms] [LOG] [HS Tracking] Attaching to field: 0-1/firstname @ :1
[   80841ms] [LOG] [HS Tracking] Attaching to field: 0-1/lastname @ :1
[   80841ms] [LOG] [HS Tracking] Attaching to field: 0-1/email @ :1
[   80841ms] [LOG] [HS Tracking] Attaching to field: 0-1/company @ :1
[   80841ms] [LOG] [HS Tracking] Attaching to field: 98dedfd1-87fc-4521-b51f-69cdc667e3f5-2878174549589-input @ :1
[   80841ms] [LOG] [HS Tracking] Attaching to field:  @ :1
[   80841ms] [LOG] [HS Tracking] Attaching to field: 98dedfd1-87fc-4521-b51f-69cdc667e3f5-2794412431786-input @ :1
[   80841ms] [LOG] [HS Tracking] Attaching to field:  @ :1
[   80841ms] [LOG] [HS Tracking] Attaching to field: 98dedfd1-87fc-4521-b51f-69cdc667e3f5-2816611792633-input @ :1
[   80841ms] [LOG] [HS Tracking] Attaching to field:  @ :1
[   80841ms] [LOG] [HS Tracking] Attaching to field: 0-1/privacy_policy @ :1
[   80841ms] [LOG] [HS Tracking] Attaching to field: 0-1/newsletter_subscriber__c @ :1
[   80841ms] [LOG] [HS Tracking] Attaching to field: g-recaptcha-response @ :1
[   80841ms] [LOG] [HS Tracking] MutationObserver active @ :4
[   81299ms] TypeError: Cannot read properties of undefined (reading 'value')
    at timestamp (https://www.kpler.com/product/maritime/vessels-api:353:215)
[   81799ms] TypeError: Cannot read properties of undefined (reading 'value')
    at timestamp (https://www.kpler.com/product/maritime/vessels-api:353:215)
[   82112ms] [ERROR] Attestation check for Attribution Reporting on https://www.facebook.com failed. @ https://www.kpler.com/product/maritime/vessels-api:0
[   82233ms] [ERROR] Failed to load resource: the server responded with a status of 429 () @ https://api.userled.io/api/metrics:0
[   82299ms] TypeError: Cannot read properties of undefined (reading 'value')
    at timestamp (https://www.kpler.com/product/maritime/vessels-api:353:215)
[   82799ms] TypeError: Cannot read properties of undefined (reading 'value')
    at timestamp (https://www.kpler.com/product/maritime/vessels-api:353:215)
[   83300ms] TypeError: Cannot read properties of undefined (reading 'value')
    at timestamp (https://www.kpler.com/product/maritime/vessels-api:353:215)
[   83799ms] TypeError: Cannot read properties of undefined (reading 'value')
    at timestamp (https://www.kpler.com/product/maritime/vessels-api:353:215)
[   97756ms] [WARNING] [GPT] PubAdsService.setTargeting is deprecated, use googletag.setConfig({targeting: ...}) instead.
https://goo.gle/gpt-message#170 @ https://securepubads.g.doubleclick.net/pagead/managed/js/gpt/m202604280101/pubads_impl.js:18
[   97758ms] [LOG] prebid-load.js loaded successfully. @ https://htlbid.com/build/a2ee31a1-0ef2-45b3-99cf-94d336413d23/htlbid.js:0
[   99020ms] [LOG] %craven%c Raven v1.20.0-69wxiu background-color:#000;margin-left:1px;padding:1px 3px;font-size:0.75em;color:#ffffff; font-size:0.9em; @ https://raven-static.aditude.io/prod/1.20.0-69wxiu/raven.js:1
[   99075ms] [ERROR] Not signed in with the identity provider. @ https://opendata.stackexchange.com/questions/15329/free-source-of-ais-data-api:0
[   99100ms] [WARNING] [GPT] Slot.setTargeting is deprecated, use Slot.setConfig({targeting: ...}) instead.
https://goo.gle/gpt-message#171 @ https://securepubads.g.doubleclick.net/pagead/managed/js/gpt/m202604280101/pubads_impl.js:18
[  103698ms] [WARNING] The resource https://securepubads.g.doubleclick.net/tag/js/gpt.js was preloaded using link preload but not used within a few seconds from the window's load event. Please make sure it has an appropriate `as` value and it is preloaded intentionally. @ https://opendata.stackexchange.com/questions/15329/free-source-of-ais-data-api:0
[  103774ms] [WARNING] [GPT] Using deprecated googletag.encryptedSignalProviders. Please use googletag.secureSignalProviders instead.
https://goo.gle/gpt-message#155 @ https://securepubads.g.doubleclick.net/pagead/managed/js/gpt/m202604280101/pubads_impl.js:18
[  103949ms] [ERROR] Attestation check for Shared Storage on https://www.googleadservices.com failed. @ https://www.googleadservices.com/pagead/managed/js/activeview/current/reach_worklet.html:0
[  103952ms] [ERROR] Attestation check for Shared Storage on https://www.googleadservices.com failed. @ https://www.googleadservices.com/pagead/managed/js/activeview/current/reach_worklet.html:0
[  103949ms] [ERROR] Attestation check for Shared Storage on https://www.googleadservices.com failed. @ https://www.googleadservices.com/pagead/managed/js/activeview/current/reach_worklet.html:0
[  103952ms] [ERROR] Attestation check for Shared Storage on https://www.googleadservices.com failed. @ https://www.googleadservices.com/pagead/managed/js/activeview/current/reach_worklet.html:0
[  104236ms] [ERROR] Attestation check for Shared Storage on https://www.googleadservices.com failed. @ https://www.googleadservices.com/pagead/managed/js/activeview/current/reach_worklet.html:0
[  104964ms] [DIR] SyntaxError @ https://js.ad-score.com/score.min.js?pid=1000941&tt=g:1
[  105537ms] Failed to read a named property 'document' from 'Window': Blocked a frame with origin "https://5a410a61dfd369bd06a3b1e94ea07eaa.safeframe.googlesyndication.com" from accessing a frame with origin "https://opendata.stackexchange.com". Protocols, domains, and ports must match.
[  105537ms] Failed to read a named property 'document' from 'Window': Blocked a frame with origin "https://5a410a61dfd369bd06a3b1e94ea07eaa.safeframe.googlesyndication.com" from accessing a frame with origin "https://opendata.stackexchange.com". Protocols, domains, and ports must match.
[  105558ms] [ERROR] Failed to load resource: the server responded with a status of 403 () @ https://c1.adform.net/serving/cookie/match?party=22&gdpr=1&gdpr_consent=CQjpP4qQjpP4qAcABBENCdF8AP_gAAAAACiQKVtR9G9fbTFj8DZ3YbokcIwfxVho6sAhBgCAk2gFDLuELIwElGAyJAzCIiICmRIAODQAIAEkHAAQQEAgKIABJADMYEAQICBKICBAAAIRQkAQCAwKgAAgUAAAgGJWAgQBiBSNAZIASMyAgwAmEXAwKIAAAACQAQAIACEAQAAAQAAAQCgAgAAAAAAAAAAAQBAIEAAAIAAAAAAAAAAAAAAAAAAABAAAAKCCSUAkAHAARQDPgGvASqAmUBowD7QJJAAA.f_wAAAAAAAAA&gpp=DBABMA~CQjpP4qQjpP4qAcABBENCdF8AP_gAAAAACiQKVtR9G9fbTFj8DZ3YbokcIwfxVho6sAhBgCAk2gFDLuELIwElGAyJAzCIiICmRIAODQAIAEkHAAQQEAgKIABJADMYEAQICBKICBAAAIRQkAQCAwKgAAgUAAAgGJWAgQBiBSNAZIASMyAgwAmEXAwKIAAAACQAQAIACEAQAAAQAAAQCgAgAAAAAAAAAAAQBAIEAAAIAAAAAAAAAAAAAAAAAAABAAAAKCCSUAkAHAARQDPgGvASqAmUBowD7QJJAAA.f_wAAAAAAAAA&gpp_sid=2:0
[  105558ms] [ERROR] Failed to load resource: the server responded with a status of 403 () @ https://c1.adform.net/serving/cookie/match?party=22&gdpr=1&gdpr_consent=CQjpP4qQjpP4qAcABBENCdF8AP_gAAAAACiQKVtR9G9fbTFj8DZ3YbokcIwfxVho6sAhBgCAk2gFDLuELIwElGAyJAzCIiICmRIAODQAIAEkHAAQQEAgKIABJADMYEAQICBKICBAAAIRQkAQCAwKgAAgUAAAgGJWAgQBiBSNAZIASMyAgwAmEXAwKIAAAACQAQAIACEAQAAAQAAAQCgAgAAAAAAAAAAAQBAIEAAAIAAAAAAAAAAAAAAAAAAABAAAAKCCSUAkAHAARQDPgGvASqAmUBowD7QJJAAA.f_wAAAAAAAAA&gpp=DBABMA~CQjpP4qQjpP4qAcABBENCdF8AP_gAAAAACiQKVtR9G9fbTFj8DZ3YbokcIwfxVho6sAhBgCAk2gFDLuELIwElGAyJAzCIiICmRIAODQAIAEkHAAQQEAgKIABJADMYEAQICBKICBAAAIRQkAQCAwKgAAgUAAAgGJWAgQBiBSNAZIASMyAgwAmEXAwKIAAAACQAQAIACEAQAAAQAAAQCgAgAAAAAAAAAAAQBAIEAAAIAAAAAAAAAAAAAAAAAAABAAAAKCCSUAkAHAARQDPgGvASqAmUBowD7QJJAAA.f_wAAAAAAAAA&gpp_sid=2:0
[  105558ms] [ERROR] Failed to load resource: the server responded with a status of 403 () @ https://c1.adform.net/serving/cookie/match?party=22&gdpr=1&gdpr_consent=CQjpP4qQjpP4qAcABBENCdF8AP_gAAAAACiQKVtR9G9fbTFj8DZ3YbokcIwfxVho6sAhBgCAk2gFDLuELIwElGAyJAzCIiICmRIAODQAIAEkHAAQQEAgKIABJADMYEAQICBKICBAAAIRQkAQCAwKgAAgUAAAgGJWAgQBiBSNAZIASMyAgwAmEXAwKIAAAACQAQAIACEAQAAAQAAAQCgAgAAAAAAAAAAAQBAIEAAAIAAAAAAAAAAAAAAAAAAABAAAAKCCSUAkAHAARQDPgGvASqAmUBowD7QJJAAA.f_wAAAAAAAAA&gpp=DBABMA~CQjpP4qQjpP4qAcABBENCdF8AP_gAAAAACiQKVtR9G9fbTFj8DZ3YbokcIwfxVho6sAhBgCAk2gFDLuELIwElGAyJAzCIiICmRIAODQAIAEkHAAQQEAgKIABJADMYEAQICBKICBAAAIRQkAQCAwKgAAgUAAAgGJWAgQBiBSNAZIASMyAgwAmEXAwKIAAAACQAQAIACEAQAAAQAAAQCgAgAAAAAAAAAAAQBAIEAAAIAAAAAAAAAAAAAAAAAAABAAAAKCCSUAkAHAARQDPgGvASqAmUBowD7QJJAAA.f_wAAAAAAAAA&gpp_sid=2:0
[  105558ms] [ERROR] Failed to load resource: the server responded with a status of 403 () @ https://c1.adform.net/serving/cookie/match?party=22&gdpr=1&gdpr_consent=CQjpP4qQjpP4qAcABBENCdF8AP_gAAAAACiQKVtR9G9fbTFj8DZ3YbokcIwfxVho6sAhBgCAk2gFDLuELIwElGAyJAzCIiICmRIAODQAIAEkHAAQQEAgKIABJADMYEAQICBKICBAAAIRQkAQCAwKgAAgUAAAgGJWAgQBiBSNAZIASMyAgwAmEXAwKIAAAACQAQAIACEAQAAAQAAAQCgAgAAAAAAAAAAAQBAIEAAAIAAAAAAAAAAAAAAAAAAABAAAAKCCSUAkAHAARQDPgGvASqAmUBowD7QJJAAA.f_wAAAAAAAAA&gpp=DBABMA~CQjpP4qQjpP4qAcABBENCdF8AP_gAAAAACiQKVtR9G9fbTFj8DZ3YbokcIwfxVho6sAhBgCAk2gFDLuELIwElGAyJAzCIiICmRIAODQAIAEkHAAQQEAgKIABJADMYEAQICBKICBAAAIRQkAQCAwKgAAgUAAAgGJWAgQBiBSNAZIASMyAgwAmEXAwKIAAAACQAQAIACEAQAAAQAAAQCgAgAAAAAAAAAAAQBAIEAAAIAAAAAAAAAAAAAAAAAAABAAAAKCCSUAkAHAARQDPgGvASqAmUBowD7QJJAAA.f_wAAAAAAAAA&gpp_sid=2:0
[  107203ms] [ERROR] Failed to load resource: the server responded with a status of 400 () @ https://match.prod.bidr.io/cookie-sync/rp?bee_sync_partners=rp&gdpr_consent=CQjn_ogQjn_ogAcABBENCdF8AP_gAAAAACiQKVtR9G9fbTFj8DZ3YbokcIwfxVho6sAhBgCAk2gFDLuELIwElGAyJAzCIiICmRIAODQAIAEkHAAQQEAgKIABJADMYEAQICBKICBAAAIRQkAQCAwKgAAgUAAAgGJWAgQBiBSNAZIASMyAgwAmEXAwKIAAAACQAQAIACEAQAAAQAAAQCgAgAAAAAAAAAAAQBAIEAAAIAAAAAAAAAAAAAAAAAAABAAAAKCCSUAkAHAARQDPgGvASqAmUBowD7QJJAGBABIADgBOAEHAJSAmUBeQDFgGjAPkCQLYAKAAuABwADwAIAASQAyADUAHgATAAqgB-AEIAIgARwArQBhgDLAHOAO4AfoBAACMAEcgJKAkwBQQCogHEAPaAh2BHoEiAJpATsAocBR4CkQFsALzAZIAycBmYDbwG5gOTAgmBQgCko6BoAAuACgAKgAcABAACQAF0AMgA1AB4AEwAKoAXQA_ACIAEcAKMAVoAwwBogDnAHcAP0AiwBGICOAI7ASUBJgCggFRALEAcQA9oCHQEXwI9AkQBMgCaQE7AKHAUeApMBVgC2AF5gMkAZOAywBmYDTQG3gOTAjsBQgCko4AqAA4AC4AaABlgDoAIBAQcBCACUgJiATKApEBUoC1AGLANGAa8A3MBywD7QI3gSSIQFAAFgAUABcADUAKoAfgBzgDuAI4ASkAoIBUQEOgI9ATSApMBVgC0QGTgUlIACQA0ADLALEAvIBiwDRgHLARvAkkSgNAALAAoABwAEgAPAAmABVAEQAI4AUYArQCOAFRAOIAh0BF8CPQJEAUeApMBbAC8wGSAMnAZYA28CkpIAYABcAFQAnAB3AEAAIOAmIBUoDFgGvAOWAkkUgVgALgAoACoAHAAQQAyADQAHgATAAqgB-AEQAI4AUYArQBogDnAHeAP0AiwBGICOAI6ASUAoIBUQDiAHtAQ6Ai-BHoEiAJpATsAocBSYCrAFsALzAZIAycBlgDbwHJgQTAjsBSUoAaAAuACQAFwAaABOADLAHcAQAAg4BKQCxAGvAO2Af8BMQCpQFqALyAYsA0YBrwDcwHLAPtAkaBJItAGABqAO4AjgChwFWAMzLABQBlgI9ATEA0YByw.f_wAAAAAAAAA.IKVtR9G9fbTFn8DZ3YbokcIwfxVho6sAhBgCAk2gFDLuELIwElGAyJAzCIiICmRIAODQAIAEsHAgQQEAgKIABJADMYEAQICBKICBAACIRYkAQCAwKgAAgUAAAgGJWAgQBiBSNAZIASMyAgxAmEXAwKIAAAACQAQAIACEAQAAAQCAAQCgAgAAAAAAAAAAAQBAIEAAAIQAAAAAAAAAAAAAAAAAABAAAAKC&gdpr=1:0
[  107800ms] [ERROR] Failed to load resource: the server responded with a status of 451 () @ https://idsync.rlcdn.com/709732.gif?partner_uid=29d31207-25dd-4228-87c1-419e2239ce9a:0
[  107961ms] [ERROR] Failed to load resource: net::ERR_NAME_NOT_RESOLVED @ https://sync2-dsp.e-volution.ai/sync?id=10&google_gid=CAESEHap51I1n1A3Roj15DBeMFQ&google_cver=1&google_push=AXcoOmRkhqrGohqi--JNn-twQm8WCFDr5mhE6kbqvCeLeDIMrZ3UzVPVtl56ypIvKI5NHq9bmsiawR8YGpb3Vws32b8rOFPKTalG&gdpr=1&gdpr_consent=CQjn_ogQjn_ogAcABBENCdF8AP_gAAAAACiQKVtR9G9fbTFj8DZ3YbokcIwfxVho6sAhBgCAk2gFDLuELIwElGAyJAzCIiICmRIAODQAIAEkHAAQQEAgKIABJADMYEAQICBKICBAAAIRQkAQCAwKgAAgUAAAgGJWAgQBiBSNAZIASMyAgwAmEXAwKIAAAACQAQAIACEAQAAAQAAAQCgAgAAAAAAAAAAAQBAIEAAAIAAAAAAAAAAAAAAAAAAABAAAAKCCSUAkAHAARQDPgGvASqAmUBowD7QJJAGBABIADgBOAEHAJSAmUBeQDFgGjAPkCQLYAKAAuABwADwAIAASQAyADUAHgATAAqgB-AEIAIgARwArQBhgDLAHOAO4AfoBAACMAEcgJKAkwBQQCogHEAPaAh2BHoEiAJpATsAocBR4CkQFsALzAZIAycBmYDbwG5gOTAgmBQgCko6BoAAuACgAKgAcABAACQAF0AMgA1AB4AEwAKoAXQA_ACIAEcAKMAVoAwwBogDnAHcAP0AiwBGICOAI7ASUBJgCggFRALEAcQA9oCHQEXwI9AkQBMgCaQE7AKHAUeApMBVgC2AF5gMkAZOAywBmYDTQG3gOTAjsBQgCko4AqAA4AC4AaABlgDoAIBAQcBCACUgJiATKApEBUoC1AGLANGAa8A3MBywD7QI3gSSIQFAAFgAUABcADUAKoAfgBzgDuAI4ASkAoIBUQEOgI9ATSApMBVgC0QGTgUlIACQA0ADLALEAvIBiwDRgHLARvAkkSgNAALAAoABwAEgAPAAmABVAEQAI4AUYArQCOAFRAOIAh0BF8CPQJEAUeApMBbAC8wGSAMnAZYA28CkpIAYABcAFQAnAB3AEAAIOAmIBUoDFgGvAOWAkkUgVgALgAoACoAHAAQQAyADQAHgATAAqgB-AEQAI4AUYArQBogDnAHeAP0AiwBGICOAI6ASUAoIBUQDiAHtAQ6Ai-BHoEiAJpATsAocBSYCrAFsALzAZIAycBlgDbwHJgQTAjsBSUoAaAAuACQAFwAaABOADLAHcAQAAg4BKQCxAGvAO2Af8BMQCpQFqALyAYsA0YBrwDcwHLAPtAkaBJItAGABqAO4AjgChwFWAMzLABQBlgI9ATEA0YByw.f_wAAAAAAAAA.IKVtR9G9fbTFn8DZ3YbokcIwfxVho6sAhBgCAk2gFDLuELIwElGAyJAzCIiICmRIAODQAIAEsHAgQQEAgKIABJADMYEAQICBKICBAACIRYkAQCAwKgAAgUAAAgGJWAgQBiBSNAZIASMyAgxAmEXAwKIAAAACQAQAIACEAQAAAQCAAQCgAgAAAAAAAAAAAQBAIEAAAIQAAAAAAAAAAAAAAAAAABAAAAKC:0
[  111655ms] [ERROR] Failed to load resource: net::ERR_TOO_MANY_REDIRECTS @ https://partners.tremorhub.com/sync?UIIQ=d662bdf4-0569-47a4-bc89-13f6b283bb28:0
[  166225ms] [WARNING] A matching frame for #user-profile-frame was missing from the response, transforming into full-page Visit. @ https://github.githubassets.com/assets/26533-f22c29ae5e9b1ed2.js:15
